<?xml version="1.0" encoding="UTF-8"?>
<testng-results total="8" passed="7" failed="1" skipped="0">
  <reporter-output>
  </reporter-output>
  <suite started-at="2021-08-11T12:47:27Z" name="Default suite" finished-at="2021-08-11T12:47:39Z" duration-ms="12852">
    <groups>
    </groups>
    <test started-at="2021-08-11T12:47:27Z" name="Default test" finished-at="2021-08-11T12:47:39Z" duration-ms="12852">
      <class name="com.Day19.AlertsAndModals.TestNG.BootstrapAlertTest">
        <test-method is-config="true" signature="initializeWebEnvironmentAndSetup()[pri:0, instance:com.Day19.AlertsAndModals.TestNG.BootstrapAlertTest@53aac487]" started-at="2021-08-11T18:17:27Z" name="initializeWebEnvironmentAndSetup" finished-at="2021-08-11T18:17:33Z" duration-ms="5935" status="PASS">
          <reporter-output>
          </reporter-output>
        </test-method> <!-- initializeWebEnvironmentAndSetup -->
        <test-method signature="TC_ID_01_verifyBootstrapAlertHomePage()[pri:1, instance:com.Day19.AlertsAndModals.TestNG.BootstrapAlertTest@53aac487]" started-at="2021-08-11T18:17:33Z" name="TC_ID_01_verifyBootstrapAlertHomePage" finished-at="2021-08-11T18:17:38Z" duration-ms="5713" status="PASS">
          <reporter-output>
          </reporter-output>
        </test-method> <!-- TC_ID_01_verifyBootstrapAlertHomePage -->
        <test-method signature="TC_ID_02_verifyAutocloseableableSuccessMessage()[pri:2, instance:com.Day19.AlertsAndModals.TestNG.BootstrapAlertTest@53aac487]" started-at="2021-08-11T18:17:38Z" name="TC_ID_02_verifyAutocloseableableSuccessMessage" finished-at="2021-08-11T18:17:38Z" duration-ms="183" status="PASS">
          <reporter-output>
          </reporter-output>
        </test-method> <!-- TC_ID_02_verifyAutocloseableableSuccessMessage -->
        <test-method signature="TC_ID_03_verifyNormalSuccessMessage()[pri:3, instance:com.Day19.AlertsAndModals.TestNG.BootstrapAlertTest@53aac487]" started-at="2021-08-11T18:17:38Z" name="TC_ID_03_verifyNormalSuccessMessage" finished-at="2021-08-11T18:17:39Z" duration-ms="189" status="PASS">
          <reporter-output>
          </reporter-output>
        </test-method> <!-- TC_ID_03_verifyNormalSuccessMessage -->
        <test-method signature="TC_ID_04_verifyAutoCloseableWarningMessage()[pri:4, instance:com.Day19.AlertsAndModals.TestNG.BootstrapAlertTest@53aac487]" started-at="2021-08-11T18:17:39Z" name="TC_ID_04_verifyAutoCloseableWarningMessage" finished-at="2021-08-11T18:17:39Z" duration-ms="147" status="PASS">
          <reporter-output>
          </reporter-output>
        </test-method> <!-- TC_ID_04_verifyAutoCloseableWarningMessage -->
        <test-method signature="TC_ID_05_verifyNormalWarningMessage()[pri:5, instance:com.Day19.AlertsAndModals.TestNG.BootstrapAlertTest@53aac487]" started-at="2021-08-11T18:17:39Z" name="TC_ID_05_verifyNormalWarningMessage" finished-at="2021-08-11T18:17:39Z" duration-ms="158" status="PASS">
          <reporter-output>
          </reporter-output>
        </test-method> <!-- TC_ID_05_verifyNormalWarningMessage -->
        <test-method signature="TC_ID_06_verifyAutoCloseabledangerMessage()[pri:6, instance:com.Day19.AlertsAndModals.TestNG.BootstrapAlertTest@53aac487]" started-at="2021-08-11T18:17:39Z" name="TC_ID_06_verifyAutoCloseabledangerMessage" finished-at="2021-08-11T18:17:39Z" duration-ms="142" status="PASS">
          <reporter-output>
          </reporter-output>
        </test-method> <!-- TC_ID_06_verifyAutoCloseabledangerMessage -->
        <test-method signature="TC_ID_07_verifyNormaDangerMessage()[pri:7, instance:com.Day19.AlertsAndModals.TestNG.BootstrapAlertTest@53aac487]" started-at="2021-08-11T18:17:39Z" name="TC_ID_07_verifyNormaDangerMessage" finished-at="2021-08-11T18:17:39Z" duration-ms="188" status="PASS">
          <reporter-output>
          </reporter-output>
        </test-method> <!-- TC_ID_07_verifyNormaDangerMessage -->
        <test-method signature="TC_ID_08_verifyAutoCloseableInfoMessage()[pri:8, instance:com.Day19.AlertsAndModals.TestNG.BootstrapAlertTest@53aac487]" started-at="2021-08-11T18:17:39Z" name="TC_ID_08_verifyAutoCloseableInfoMessage" finished-at="2021-08-11T18:17:39Z" duration-ms="160" status="FAIL">
          <exception class="java.lang.AssertionError">
            <message>
              <![CDATA[expected [true] but found [false]]]>
            </message>
            <full-stacktrace>
              <![CDATA[java.lang.AssertionError: expected [true] but found [false]
	at org.testng.Assert.fail(Assert.java:94)
	at org.testng.Assert.failNotEquals(Assert.java:513)
	at org.testng.Assert.assertTrue(Assert.java:42)
	at org.testng.Assert.assertTrue(Assert.java:52)
	at com.Day19.AlertsAndModals.TestNG.BootstrapAlertPage.verifyAutocloseableInfoMsgIsDisplayedOrNot(BootstrapAlertPage.java:237)
	at com.Day19.AlertsAndModals.TestNG.BootstrapAlertTest.TC_ID_08_verifyAutoCloseableInfoMessage(BootstrapAlertTest.java:78)
	at java.base/jdk.internal.reflect.NativeMethodAccessorImpl.invoke0(Native Method)
	at java.base/jdk.internal.reflect.NativeMethodAccessorImpl.invoke(NativeMethodAccessorImpl.java:64)
	at java.base/jdk.internal.reflect.DelegatingMethodAccessorImpl.invoke(DelegatingMethodAccessorImpl.java:43)
	at java.base/java.lang.reflect.Method.invoke(Method.java:564)
	at org.testng.internal.MethodInvocationHelper.invokeMethod(MethodInvocationHelper.java:86)
	at org.testng.internal.Invoker.invokeMethod(Invoker.java:643)
	at org.testng.internal.Invoker.invokeTestMethod(Invoker.java:820)
	at org.testng.internal.Invoker.invokeTestMethods(Invoker.java:1128)
	at org.testng.internal.TestMethodWorker.invokeTestMethods(TestMethodWorker.java:129)
	at org.testng.internal.TestMethodWorker.run(TestMethodWorker.java:112)
	at org.testng.TestRunner.privateRun(TestRunner.java:782)
	at org.testng.TestRunner.run(TestRunner.java:632)
	at org.testng.SuiteRunner.runTest(SuiteRunner.java:366)
	at org.testng.SuiteRunner.runSequentially(SuiteRunner.java:361)
	at org.testng.SuiteRunner.privateRun(SuiteRunner.java:319)
	at org.testng.SuiteRunner.run(SuiteRunner.java:268)
	at org.testng.SuiteRunnerWorker.runSuite(SuiteRunnerWorker.java:52)
	at org.testng.SuiteRunnerWorker.run(SuiteRunnerWorker.java:86)
	at org.testng.TestNG.runSuitesSequentially(TestNG.java:1244)
	at org.testng.TestNG.runSuitesLocally(TestNG.java:1169)
	at org.testng.TestNG.run(TestNG.java:1064)
	at org.testng.remote.AbstractRemoteTestNG.run(AbstractRemoteTestNG.java:115)
	at org.testng.remote.RemoteTestNG.initAndRun(RemoteTestNG.java:251)
	at org.testng.remote.RemoteTestNG.main(RemoteTestNG.java:77)
]]>
            </full-stacktrace>
          </exception> <!-- java.lang.AssertionError -->
          <reporter-output>
          </reporter-output>
        </test-method> <!-- TC_ID_08_verifyAutoCloseableInfoMessage -->
      </class> <!-- com.Day19.AlertsAndModals.TestNG.BootstrapAlertTest -->
    </test> <!-- Default test -->
  </suite> <!-- Default suite -->
</testng-results>
